[2m2020-05-27 12:02:17.477[0;39m [32m INFO[0;39m [35m17907[0;39m [2m---[0;39m [2m[           main][0;39m [36mcom.laon.snack_spring.ApplicationKt     [0;39m [2m:[0;39m Starting ApplicationKt on jumyeongdon-ui-MacBookPro.local with PID 17907 (/Users/joo/Desktop/project/snack_spring/build/classes/kotlin/main started by joo in /Users/joo/Desktop/project/snack_spring)
[2m2020-05-27 12:02:17.482[0;39m [32m INFO[0;39m [35m17907[0;39m [2m---[0;39m [2m[           main][0;39m [36mcom.laon.snack_spring.ApplicationKt     [0;39m [2m:[0;39m No active profile set, falling back to default profiles: default
[2m2020-05-27 12:02:17.939[0;39m [32m INFO[0;39m [35m17907[0;39m [2m---[0;39m [2m[           main][0;39m [36m.s.d.r.c.RepositoryConfigurationDelegate[0;39m [2m:[0;39m Bootstrapping Spring Data JPA repositories in DEFAULT mode.
[2m2020-05-27 12:02:17.995[0;39m [32m INFO[0;39m [35m17907[0;39m [2m---[0;39m [2m[           main][0;39m [36m.s.d.r.c.RepositoryConfigurationDelegate[0;39m [2m:[0;39m Finished Spring Data repository scanning in 50ms. Found 6 JPA repository interfaces.
[2m2020-05-27 12:02:18.579[0;39m [32m INFO[0;39m [35m17907[0;39m [2m---[0;39m [2m[           main][0;39m [36mo.s.b.w.embedded.tomcat.TomcatWebServer [0;39m [2m:[0;39m Tomcat initialized with port(s): 8080 (http)
[2m2020-05-27 12:02:18.587[0;39m [32m INFO[0;39m [35m17907[0;39m [2m---[0;39m [2m[           main][0;39m [36mo.a.coyote.http11.Http11NioProtocol     [0;39m [2m:[0;39m Initializing ProtocolHandler ["http-nio-8080"]
[2m2020-05-27 12:02:18.587[0;39m [32m INFO[0;39m [35m17907[0;39m [2m---[0;39m [2m[           main][0;39m [36mo.apache.catalina.core.StandardService  [0;39m [2m:[0;39m Starting service [Tomcat]
[2m2020-05-27 12:02:18.587[0;39m [32m INFO[0;39m [35m17907[0;39m [2m---[0;39m [2m[           main][0;39m [36morg.apache.catalina.core.StandardEngine [0;39m [2m:[0;39m Starting Servlet engine: [Apache Tomcat/9.0.33]
[2m2020-05-27 12:02:18.660[0;39m [32m INFO[0;39m [35m17907[0;39m [2m---[0;39m [2m[           main][0;39m [36mo.a.c.c.C.[.[localhost].[/snack_api]    [0;39m [2m:[0;39m Initializing Spring embedded WebApplicationContext
[2m2020-05-27 12:02:18.660[0;39m [32m INFO[0;39m [35m17907[0;39m [2m---[0;39m [2m[           main][0;39m [36mo.s.web.context.ContextLoader           [0;39m [2m:[0;39m Root WebApplicationContext: initialization completed in 1123 ms
[2m2020-05-27 12:02:18.810[0;39m [32m INFO[0;39m [35m17907[0;39m [2m---[0;39m [2m[           main][0;39m [36mo.hibernate.jpa.internal.util.LogHelper [0;39m [2m:[0;39m HHH000204: Processing PersistenceUnitInfo [name: default]
[2m2020-05-27 12:02:18.874[0;39m [32m INFO[0;39m [35m17907[0;39m [2m---[0;39m [2m[           main][0;39m [36morg.hibernate.Version                   [0;39m [2m:[0;39m HHH000412: Hibernate ORM core version 5.4.12.Final
[2m2020-05-27 12:02:18.983[0;39m [32m INFO[0;39m [35m17907[0;39m [2m---[0;39m [2m[           main][0;39m [36mo.hibernate.annotations.common.Version  [0;39m [2m:[0;39m HCANN000001: Hibernate Commons Annotations {5.1.0.Final}
[2m2020-05-27 12:02:19.060[0;39m [32m INFO[0;39m [35m17907[0;39m [2m---[0;39m [2m[           main][0;39m [36mcom.zaxxer.hikari.HikariDataSource      [0;39m [2m:[0;39m Hikari-CP - Starting...
[2m2020-05-27 12:02:19.105[0;39m [32m INFO[0;39m [35m17907[0;39m [2m---[0;39m [2m[           main][0;39m [36mcom.zaxxer.hikari.HikariDataSource      [0;39m [2m:[0;39m Hikari-CP - Start completed.
[2m2020-05-27 12:02:19.122[0;39m [32m INFO[0;39m [35m17907[0;39m [2m---[0;39m [2m[           main][0;39m [36morg.hibernate.dialect.Dialect           [0;39m [2m:[0;39m HHH000400: Using dialect: org.hibernate.dialect.MariaDB103Dialect
[2m2020-05-27 12:02:19.146[0;39m [32m INFO[0;39m [35m17907[0;39m [2m---[0;39m [2m[           main][0;39m [36mjdbc.sqlonly                            [0;39m [2m:[0;39m select table_name from information_schema.TABLES where table_schema = database() and table_type = 'SEQUENCE'

[2m2020-05-27 12:02:19.712[0;39m [32m INFO[0;39m [35m17907[0;39m [2m---[0;39m [2m[           main][0;39m [36mjdbc.sqlonly                            [0;39m [2m:[0;39m select table_name from information_schema.TABLES where table_schema = database() and table_type = 'SEQUENCE'

[2m2020-05-27 12:02:19.737[0;39m [32m INFO[0;39m [35m17907[0;39m [2m---[0;39m [2m[           main][0;39m [36mo.h.e.t.j.p.i.JtaPlatformInitiator      [0;39m [2m:[0;39m HHH000490: Using JtaPlatform implementation: [org.hibernate.engine.transaction.jta.platform.internal.NoJtaPlatform]
[2m2020-05-27 12:02:19.743[0;39m [32m INFO[0;39m [35m17907[0;39m [2m---[0;39m [2m[           main][0;39m [36mj.LocalContainerEntityManagerFactoryBean[0;39m [2m:[0;39m Initialized JPA EntityManagerFactory for persistence unit 'default'
[2m2020-05-27 12:02:20.333[0;39m [33m WARN[0;39m [35m17907[0;39m [2m---[0;39m [2m[           main][0;39m [36mJpaBaseConfiguration$JpaWebConfiguration[0;39m [2m:[0;39m spring.jpa.open-in-view is enabled by default. Therefore, database queries may be performed during view rendering. Explicitly configure spring.jpa.open-in-view to disable this warning
[2m2020-05-27 12:02:20.426[0;39m [32m INFO[0;39m [35m17907[0;39m [2m---[0;39m [2m[           main][0;39m [36mo.s.s.concurrent.ThreadPoolTaskExecutor [0;39m [2m:[0;39m Initializing ExecutorService 'applicationTaskExecutor'
[2m2020-05-27 12:02:20.531[0;39m [33m WARN[0;39m [35m17907[0;39m [2m---[0;39m [2m[           main][0;39m [36mion$DefaultTemplateResolverConfiguration[0;39m [2m:[0;39m Cannot find template location: classpath:/templates/ (please add some templates or check your Thymeleaf configuration)
[2m2020-05-27 12:02:20.601[0;39m [32m INFO[0;39m [35m17907[0;39m [2m---[0;39m [2m[           main][0;39m [36mo.a.coyote.http11.Http11NioProtocol     [0;39m [2m:[0;39m Starting ProtocolHandler ["http-nio-8080"]
[2m2020-05-27 12:02:20.618[0;39m [32m INFO[0;39m [35m17907[0;39m [2m---[0;39m [2m[           main][0;39m [36mo.s.b.w.embedded.tomcat.TomcatWebServer [0;39m [2m:[0;39m Tomcat started on port(s): 8080 (http) with context path '/snack_api'
[2m2020-05-27 12:02:20.621[0;39m [32m INFO[0;39m [35m17907[0;39m [2m---[0;39m [2m[           main][0;39m [36mcom.laon.snack_spring.ApplicationKt     [0;39m [2m:[0;39m Started ApplicationKt in 3.541 seconds (JVM running for 4.276)
[2m2020-05-27 12:02:52.011[0;39m [32m INFO[0;39m [35m17907[0;39m [2m---[0;39m [2m[nio-8080-exec-1][0;39m [36mo.a.c.c.C.[.[localhost].[/snack_api]    [0;39m [2m:[0;39m Initializing Spring DispatcherServlet 'dispatcherServlet'
[2m2020-05-27 12:02:52.011[0;39m [32m INFO[0;39m [35m17907[0;39m [2m---[0;39m [2m[nio-8080-exec-1][0;39m [36mo.s.web.servlet.DispatcherServlet       [0;39m [2m:[0;39m Initializing Servlet 'dispatcherServlet'
[2m2020-05-27 12:02:52.016[0;39m [32m INFO[0;39m [35m17907[0;39m [2m---[0;39m [2m[nio-8080-exec-1][0;39m [36mo.s.web.servlet.DispatcherServlet       [0;39m [2m:[0;39m Completed initialization in 4 ms
[2m2020-05-27 12:02:52.142[0;39m [32m INFO[0;39m [35m17907[0;39m [2m---[0;39m [2m[nio-8080-exec-1][0;39m [36mjdbc.sqlonly                            [0;39m [2m:[0;39m select snack0_.id as id1_3_, snack0_.created_date as created_2_3_, snack0_.modified_date as modified3_3_, snack0_.img_path as img_path4_3_, snack0_.name as name5_3_, snack0_.price as price6_3_, snack0_.quantity as quantity7_3_, snack0_.remain as remain8_3_, snack0_.type as type9_3_ from tbl_snack snack0_ where snack0_.type='음료' order by snack0_.remain desc

[2m2020-05-27 12:03:25.168[0;39m [32m INFO[0;39m [35m17907[0;39m [2m---[0;39m [2m[nio-8080-exec-2][0;39m [36mjdbc.sqlonly                            [0;39m [2m:[0;39m select snack0_.id as id1_3_, snack0_.created_date as created_2_3_, snack0_.modified_date as modified3_3_, snack0_.img_path as img_path4_3_, snack0_.name as name5_3_, snack0_.price as price6_3_, snack0_.quantity as quantity7_3_, snack0_.remain as remain8_3_, snack0_.type as type9_3_ from tbl_snack snack0_ where snack0_.type='음료' order by snack0_.remain desc

[2m2020-05-27 12:04:22.313[0;39m [32m INFO[0;39m [35m17907[0;39m [2m---[0;39m [2m[extShutdownHook][0;39m [36mo.s.s.concurrent.ThreadPoolTaskExecutor [0;39m [2m:[0;39m Shutting down ExecutorService 'applicationTaskExecutor'
[2m2020-05-27 12:04:22.314[0;39m [32m INFO[0;39m [35m17907[0;39m [2m---[0;39m [2m[extShutdownHook][0;39m [36mj.LocalContainerEntityManagerFactoryBean[0;39m [2m:[0;39m Closing JPA EntityManagerFactory for persistence unit 'default'
[2m2020-05-27 12:04:22.316[0;39m [32m INFO[0;39m [35m17907[0;39m [2m---[0;39m [2m[extShutdownHook][0;39m [36mcom.zaxxer.hikari.HikariDataSource      [0;39m [2m:[0;39m Hikari-CP - Shutdown initiated...
[2m2020-05-27 12:04:22.318[0;39m [32m INFO[0;39m [35m17907[0;39m [2m---[0;39m [2m[extShutdownHook][0;39m [36mcom.zaxxer.hikari.HikariDataSource      [0;39m [2m:[0;39m Hikari-CP - Shutdown completed.
[2m2020-05-27 12:04:25.535[0;39m [32m INFO[0;39m [35m18099[0;39m [2m---[0;39m [2m[           main][0;39m [36mcom.laon.snack_spring.ApplicationKt     [0;39m [2m:[0;39m Starting ApplicationKt on jumyeongdon-ui-MacBookPro.local with PID 18099 (/Users/joo/Desktop/project/snack_spring/build/classes/kotlin/main started by joo in /Users/joo/Desktop/project/snack_spring)
[2m2020-05-27 12:04:25.537[0;39m [32m INFO[0;39m [35m18099[0;39m [2m---[0;39m [2m[           main][0;39m [36mcom.laon.snack_spring.ApplicationKt     [0;39m [2m:[0;39m No active profile set, falling back to default profiles: default
[2m2020-05-27 12:04:25.901[0;39m [32m INFO[0;39m [35m18099[0;39m [2m---[0;39m [2m[           main][0;39m [36m.s.d.r.c.RepositoryConfigurationDelegate[0;39m [2m:[0;39m Bootstrapping Spring Data JPA repositories in DEFAULT mode.
[2m2020-05-27 12:04:25.962[0;39m [32m INFO[0;39m [35m18099[0;39m [2m---[0;39m [2m[           main][0;39m [36m.s.d.r.c.RepositoryConfigurationDelegate[0;39m [2m:[0;39m Finished Spring Data repository scanning in 54ms. Found 6 JPA repository interfaces.
[2m2020-05-27 12:04:26.506[0;39m [32m INFO[0;39m [35m18099[0;39m [2m---[0;39m [2m[           main][0;39m [36mo.s.b.w.embedded.tomcat.TomcatWebServer [0;39m [2m:[0;39m Tomcat initialized with port(s): 8080 (http)
[2m2020-05-27 12:04:26.514[0;39m [32m INFO[0;39m [35m18099[0;39m [2m---[0;39m [2m[           main][0;39m [36mo.a.coyote.http11.Http11NioProtocol     [0;39m [2m:[0;39m Initializing ProtocolHandler ["http-nio-8080"]
[2m2020-05-27 12:04:26.514[0;39m [32m INFO[0;39m [35m18099[0;39m [2m---[0;39m [2m[           main][0;39m [36mo.apache.catalina.core.StandardService  [0;39m [2m:[0;39m Starting service [Tomcat]
[2m2020-05-27 12:04:26.515[0;39m [32m INFO[0;39m [35m18099[0;39m [2m---[0;39m [2m[           main][0;39m [36morg.apache.catalina.core.StandardEngine [0;39m [2m:[0;39m Starting Servlet engine: [Apache Tomcat/9.0.33]
[2m2020-05-27 12:04:26.589[0;39m [32m INFO[0;39m [35m18099[0;39m [2m---[0;39m [2m[           main][0;39m [36mo.a.c.c.C.[.[localhost].[/snack_api]    [0;39m [2m:[0;39m Initializing Spring embedded WebApplicationContext
[2m2020-05-27 12:04:26.589[0;39m [32m INFO[0;39m [35m18099[0;39m [2m---[0;39m [2m[           main][0;39m [36mo.s.web.context.ContextLoader           [0;39m [2m:[0;39m Root WebApplicationContext: initialization completed in 1018 ms
[2m2020-05-27 12:04:26.723[0;39m [32m INFO[0;39m [35m18099[0;39m [2m---[0;39m [2m[           main][0;39m [36mo.hibernate.jpa.internal.util.LogHelper [0;39m [2m:[0;39m HHH000204: Processing PersistenceUnitInfo [name: default]
[2m2020-05-27 12:04:26.778[0;39m [32m INFO[0;39m [35m18099[0;39m [2m---[0;39m [2m[           main][0;39m [36morg.hibernate.Version                   [0;39m [2m:[0;39m HHH000412: Hibernate ORM core version 5.4.12.Final
[2m2020-05-27 12:04:26.869[0;39m [32m INFO[0;39m [35m18099[0;39m [2m---[0;39m [2m[           main][0;39m [36mo.hibernate.annotations.common.Version  [0;39m [2m:[0;39m HCANN000001: Hibernate Commons Annotations {5.1.0.Final}
[2m2020-05-27 12:04:26.939[0;39m [32m INFO[0;39m [35m18099[0;39m [2m---[0;39m [2m[           main][0;39m [36mcom.zaxxer.hikari.HikariDataSource      [0;39m [2m:[0;39m Hikari-CP - Starting...
[2m2020-05-27 12:04:26.977[0;39m [32m INFO[0;39m [35m18099[0;39m [2m---[0;39m [2m[           main][0;39m [36mcom.zaxxer.hikari.HikariDataSource      [0;39m [2m:[0;39m Hikari-CP - Start completed.
[2m2020-05-27 12:04:26.992[0;39m [32m INFO[0;39m [35m18099[0;39m [2m---[0;39m [2m[           main][0;39m [36morg.hibernate.dialect.Dialect           [0;39m [2m:[0;39m HHH000400: Using dialect: org.hibernate.dialect.MariaDB103Dialect
[2m2020-05-27 12:04:27.014[0;39m [32m INFO[0;39m [35m18099[0;39m [2m---[0;39m [2m[           main][0;39m [36mjdbc.sqlonly                            [0;39m [2m:[0;39m select table_name from information_schema.TABLES where table_schema = database() and table_type = 'SEQUENCE'

[2m2020-05-27 12:04:27.498[0;39m [32m INFO[0;39m [35m18099[0;39m [2m---[0;39m [2m[           main][0;39m [36mjdbc.sqlonly                            [0;39m [2m:[0;39m select table_name from information_schema.TABLES where table_schema = database() and table_type = 'SEQUENCE'

[2m2020-05-27 12:04:27.523[0;39m [32m INFO[0;39m [35m18099[0;39m [2m---[0;39m [2m[           main][0;39m [36mo.h.e.t.j.p.i.JtaPlatformInitiator      [0;39m [2m:[0;39m HHH000490: Using JtaPlatform implementation: [org.hibernate.engine.transaction.jta.platform.internal.NoJtaPlatform]
[2m2020-05-27 12:04:27.528[0;39m [32m INFO[0;39m [35m18099[0;39m [2m---[0;39m [2m[           main][0;39m [36mj.LocalContainerEntityManagerFactoryBean[0;39m [2m:[0;39m Initialized JPA EntityManagerFactory for persistence unit 'default'
[2m2020-05-27 12:04:28.122[0;39m [33m WARN[0;39m [35m18099[0;39m [2m---[0;39m [2m[           main][0;39m [36mJpaBaseConfiguration$JpaWebConfiguration[0;39m [2m:[0;39m spring.jpa.open-in-view is enabled by default. Therefore, database queries may be performed during view rendering. Explicitly configure spring.jpa.open-in-view to disable this warning
[2m2020-05-27 12:04:28.211[0;39m [32m INFO[0;39m [35m18099[0;39m [2m---[0;39m [2m[           main][0;39m [36mo.s.s.concurrent.ThreadPoolTaskExecutor [0;39m [2m:[0;39m Initializing ExecutorService 'applicationTaskExecutor'
[2m2020-05-27 12:04:28.316[0;39m [33m WARN[0;39m [35m18099[0;39m [2m---[0;39m [2m[           main][0;39m [36mion$DefaultTemplateResolverConfiguration[0;39m [2m:[0;39m Cannot find template location: classpath:/templates/ (please add some templates or check your Thymeleaf configuration)
[2m2020-05-27 12:04:28.378[0;39m [32m INFO[0;39m [35m18099[0;39m [2m---[0;39m [2m[           main][0;39m [36mo.a.coyote.http11.Http11NioProtocol     [0;39m [2m:[0;39m Starting ProtocolHandler ["http-nio-8080"]
[2m2020-05-27 12:04:28.394[0;39m [32m INFO[0;39m [35m18099[0;39m [2m---[0;39m [2m[           main][0;39m [36mo.s.b.w.embedded.tomcat.TomcatWebServer [0;39m [2m:[0;39m Tomcat started on port(s): 8080 (http) with context path '/snack_api'
[2m2020-05-27 12:04:28.397[0;39m [32m INFO[0;39m [35m18099[0;39m [2m---[0;39m [2m[           main][0;39m [36mcom.laon.snack_spring.ApplicationKt     [0;39m [2m:[0;39m Started ApplicationKt in 3.202 seconds (JVM running for 3.718)
[2m2020-05-27 12:04:33.405[0;39m [32m INFO[0;39m [35m18099[0;39m [2m---[0;39m [2m[nio-8080-exec-1][0;39m [36mo.a.c.c.C.[.[localhost].[/snack_api]    [0;39m [2m:[0;39m Initializing Spring DispatcherServlet 'dispatcherServlet'
[2m2020-05-27 12:04:33.406[0;39m [32m INFO[0;39m [35m18099[0;39m [2m---[0;39m [2m[nio-8080-exec-1][0;39m [36mo.s.web.servlet.DispatcherServlet       [0;39m [2m:[0;39m Initializing Servlet 'dispatcherServlet'
[2m2020-05-27 12:04:33.411[0;39m [32m INFO[0;39m [35m18099[0;39m [2m---[0;39m [2m[nio-8080-exec-1][0;39m [36mo.s.web.servlet.DispatcherServlet       [0;39m [2m:[0;39m Completed initialization in 5 ms
[2m2020-05-27 12:04:33.525[0;39m [32m INFO[0;39m [35m18099[0;39m [2m---[0;39m [2m[nio-8080-exec-1][0;39m [36mjdbc.sqlonly                            [0;39m [2m:[0;39m select snack0_.id as id1_3_, snack0_.created_date as created_2_3_, snack0_.modified_date as modified3_3_, snack0_.img_path as img_path4_3_, snack0_.name as name5_3_, snack0_.price as price6_3_, snack0_.quantity as quantity7_3_, snack0_.remain as remain8_3_, snack0_.type as type9_3_ from tbl_snack snack0_ order by snack0_.remain desc

